Crashlog created at 2018-10-24 11:40:53 -0700

===== MESSAGE:

Nanoc::Int::ConfigLoader::NoConfigFileFoundError: No configuration file found

===== STACK TRACE:

  18. from /usr/local/bin/nanoc:23:in `<main>'
  17. from /usr/local/bin/nanoc:23:in `load'
  16. from /usr/local/lib/ruby/gems/2.5.0/gems/nanoc-4.10.2/bin/nanoc:18:in `<top (required)>'
  15. from /usr/local/lib/ruby/gems/2.5.0/gems/nanoc-4.10.2/lib/nanoc/cli.rb:62:in `run'
  14. from /usr/local/lib/ruby/gems/2.5.0/gems/nanoc-4.10.2/lib/nanoc/cli/error_handler.rb:15:in `handle_while'
  13. from /usr/local/lib/ruby/gems/2.5.0/gems/nanoc-4.10.2/lib/nanoc/cli/error_handler.rb:57:in `handle_while'
  12. from /usr/local/lib/ruby/gems/2.5.0/gems/nanoc-4.10.2/lib/nanoc/cli/error_handler.rb:15:in `block in handle_while'
  11. from /usr/local/lib/ruby/gems/2.5.0/gems/nanoc-4.10.2/lib/nanoc/cli.rb:64:in `block in run'
  10. from /usr/local/lib/ruby/gems/2.5.0/gems/cri-2.15.2/lib/cri/command.rb:314:in `run'
  9. from /usr/local/lib/ruby/gems/2.5.0/gems/cri-2.15.2/lib/cri/command.rb:296:in `run'
  8. from /usr/local/lib/ruby/gems/2.5.0/gems/cri-2.15.2/lib/cri/command.rb:359:in `run_this'
  7. from /usr/local/lib/ruby/gems/2.5.0/gems/cri-2.15.2/lib/cri/command_dsl.rb:303:in `block in runner'
  6. from /usr/local/lib/ruby/gems/2.5.0/gems/nanoc-4.10.2/lib/nanoc/cli/command_runner.rb:13:in `call'
  5. from /usr/local/lib/ruby/gems/2.5.0/gems/nanoc-4.10.2/lib/nanoc/cli/error_handler.rb:15:in `handle_while'
  4. from /usr/local/lib/ruby/gems/2.5.0/gems/nanoc-4.10.2/lib/nanoc/cli/error_handler.rb:57:in `handle_while'
  3. from /usr/local/lib/ruby/gems/2.5.0/gems/nanoc-4.10.2/lib/nanoc/cli/error_handler.rb:15:in `block in handle_while'
  2. from /usr/local/lib/ruby/gems/2.5.0/gems/nanoc-4.10.2/lib/nanoc/cli/command_runner.rb:14:in `block in call'
  1. from /usr/local/lib/ruby/gems/2.5.0/gems/nanoc-4.10.2/lib/nanoc/cli/commands/view.rb:24:in `run'
  /usr/local/lib/ruby/gems/2.5.0/gems/nanoc-4.10.2/lib/nanoc/base/repos/config_loader.rb:44:in `new_from_cwd'

===== VERSION INFORMATION:

Nanoc 4.10.2 © 2007-2018 Denis Defreyne.
Running ruby 2.5.3 (2018-10-18) on x86_64-darwin17 with RubyGems 2.7.7.

===== SYSTEM INFORMATION:

Darwin airbears2-10-142-37-187.airbears2.1918.berkeley.edu 17.7.0 Darwin Kernel Version 17.7.0: Thu Jun 21 22:53:14 PDT 2018; root:xnu-4570.71.2~1/RELEASE_X86_64 x86_64

===== INSTALLED GEMS:

  activesupport 4.2.10, 5.2.1
  addressable 2.5.2
  adsf 1.4.1
  bigdecimal 1.3.4, 1.3.5
  bundler 1.16.2, 1.16.6
  cmath 1.0.0
  coffee-script 2.4.1
  coffee-script-source 1.11.1, 1.12.2
  colorator 1.1.0
  colored 1.2
  commonmarker 0.17.11, 0.18.1
  concurrent-ruby 1.0.5
  cri 2.15.2
  csv 1.0.0, 3.0.0
  date 1.0.0
  dbm 1.0.0
  ddmemoize 1.0.0
  ddmetrics 1.0.1
  ddplugin 1.0.2
  did_you_mean 1.2.0, 1.2.1
  dnsruby 1.61.2
  em-websocket 0.5.1
  etc 1.0.0, 1.0.1
  ethon 0.11.0
  eventmachine 1.2.7
  execjs 2.7.0
  faraday 0.15.2, 0.15.3
  fcntl 1.0.0
  ffi 1.9.25
  fiddle 1.0.0
  fileutils 1.0.2, 1.1.0
  forwardable-extended 2.6.0
  gemoji 3.0.0
  github-pages 191, 192
  github-pages-health-check 1.8.1, 1.14.0
  hamster 3.0.0
  html-pipeline 2.8.4
  http_parser.rb 0.6.0
  i18n 0.9.5, 1.1.1
  io-console 0.4.6
  ipaddr 1.2.0
  jekyll 3.7.3, 3.7.4
  jekyll-avatar 0.6.0
  jekyll-coffeescript 1.1.1
  jekyll-commonmark 1.2.0
  jekyll-commonmark-ghpages 0.1.5
  jekyll-default-layout 0.1.4
  jekyll-feed 0.10.0, 0.11.0
  jekyll-gist 1.5.0
  jekyll-github-metadata 2.9.4
  jekyll-mentions 1.4.1
  jekyll-optional-front-matter 0.3.0
  jekyll-paginate 1.1.0
  jekyll-pandoc 2.0.1
  jekyll-readme-index 0.2.0
  jekyll-redirect-from 0.14.0
  jekyll-relative-links 0.5.3
  jekyll-remote-theme 0.3.1
  jekyll-sass-converter 1.5.2
  jekyll-seo-tag 2.5.0
  jekyll-sitemap 1.2.0
  jekyll-swiss 0.4.0, 1.0.0
  jekyll-theme-architect 0.1.1
  jekyll-theme-cayman 0.1.1
  jekyll-theme-dinky 0.1.1
  jekyll-theme-hacker 0.1.1
  jekyll-theme-leap-day 0.1.1
  jekyll-theme-merlot 0.1.1
  jekyll-theme-midnight 0.1.1
  jekyll-theme-minimal 0.1.1
  jekyll-theme-modernist 0.1.1
  jekyll-theme-primer 0.5.3
  jekyll-theme-slate 0.1.1
  jekyll-theme-tactile 0.1.1
  jekyll-theme-time-machine 0.1.1
  jekyll-titles-from-headings 0.5.1
  jekyll-watch 2.0.0, 2.1.2
  jemoji 0.10.1
  json 2.1.0
  json_schema 0.19.1
  kramdown 1.17.0
  liquid 4.0.0, 4.0.1
  listen 3.1.5
  mercenary 0.3.6
  mini_portile2 2.3.0
  minima 2.5.0
  minitest 5.10.3, 5.11.3
  multipart-post 2.0.0
  nanoc 4.10.2
  net-telnet 0.1.1, 0.2.0
  nokogiri 1.8.4, 1.8.5
  octokit 4.11.0, 4.13.0
  openssl 2.1.2
  pandoc-ruby 2.0.2
  parallel 1.12.1
  pathutil 0.16.1
  power_assert 1.1.1, 1.1.3
  psych 3.0.2, 3.0.3
  public_suffix 2.0.5, 3.0.3
  rack 2.0.5
  rake 12.3.0, 12.3.1
  rb-fsevent 0.10.3
  rb-inotify 0.9.10
  rdoc 6.0.1, 6.0.4
  ref 2.0.0
  rouge 2.2.1, 3.3.0
  ruby-enum 0.7.2
  ruby_dep 1.5.0
  rubyzip 1.2.2
  safe_yaml 1.0.4
  sass 3.5.7, 3.6.0
  sass-listen 4.0.0
  sawyer 0.8.1
  scanf 1.0.0
  sdbm 1.0.0
  slow_enumerator_tools 1.1.0
  stringio 0.0.1
  strscan 1.0.0
  terminal-table 1.8.0
  test-unit 3.2.7, 3.2.8
  thread_safe 0.3.6
  tomlrb 1.2.7
  typhoeus 1.3.0
  tzinfo 1.2.5
  unicode-display_width 1.4.0
  webrick 1.4.2
  xmlrpc 0.3.0
  zlib 1.0.0

===== LOAD PATHS:

  0. /usr/local/lib/ruby/gems/2.5.0/gems/ref-2.0.0/lib
  1. /usr/local/lib/ruby/gems/2.5.0/gems/did_you_mean-1.2.1/lib
  2. /usr/local/lib/ruby/gems/2.5.0/gems/addressable-2.5.2/lib
  3. /usr/local/lib/ruby/gems/2.5.0/gems/colored-1.2/lib
  4. /usr/local/lib/ruby/gems/2.5.0/gems/cri-2.15.2/lib
  5. /usr/local/lib/ruby/gems/2.5.0/gems/ddmetrics-1.0.1/lib
  6. /usr/local/lib/ruby/gems/2.5.0/gems/ref-2.0.0/lib
  7. /usr/local/lib/ruby/gems/2.5.0/gems/ddmemoize-1.0.0/lib
  8. /usr/local/lib/ruby/gems/2.5.0/gems/ddplugin-1.0.2/lib
  9. /usr/local/lib/ruby/gems/2.5.0/gems/concurrent-ruby-1.0.5/lib
  10. /usr/local/lib/ruby/gems/2.5.0/gems/hamster-3.0.0/lib
  11. /usr/local/lib/ruby/gems/2.5.0/gems/json_schema-0.19.1/lib
  12. /usr/local/lib/ruby/gems/2.5.0/gems/parallel-1.12.1/lib
  13. /usr/local/lib/ruby/gems/2.5.0/gems/slow_enumerator_tools-1.1.0/lib
  14. /usr/local/lib/ruby/gems/2.5.0/gems/tomlrb-1.2.7/lib
  15. /usr/local/lib/ruby/gems/2.5.0/gems/nanoc-4.10.2/lib
  16. /usr/local/lib/ruby/gems/2.5.0/gems/public_suffix-3.0.3/lib
  17. /usr/local/lib/ruby/gems/2.5.0/gems/fileutils-1.1.0/lib
  18. /usr/local/lib/ruby/gems/2.5.0/gems/psych-3.0.3/lib
  19. /usr/local/lib/ruby/gems/2.5.0/extensions/x86_64-darwin-17/2.5.0/psych-3.0.3
  20. /usr/local/lib/ruby/gems/2.5.0/gems/rack-2.0.5/lib
  21. /usr/local/lib/ruby/gems/2.5.0/gems/adsf-1.4.1/lib
  22. /usr/local/lib/ruby/site_ruby/2.5.0
  23. /usr/local/lib/ruby/site_ruby/2.5.0/x86_64-darwin17
  24. /usr/local/lib/ruby/site_ruby
  25. /usr/local/lib/ruby/vendor_ruby/2.5.0
  26. /usr/local/lib/ruby/vendor_ruby/2.5.0/x86_64-darwin17
  27. /usr/local/lib/ruby/vendor_ruby
  28. /usr/local/Cellar/ruby/2.5.3/lib/ruby/2.5.0
  29. /usr/local/Cellar/ruby/2.5.3/lib/ruby/2.5.0/x86_64-darwin17
